<?xml version="1.0" encoding="UTF-8"?>
<!-- Generated by org.testng.reporters.JUnitReportReporter -->
<testsuite skipped="0" hostname="DESKTOP-51RHFL8" name="script.testExamlpe" tests="1" failures="0" timestamp="23 十一月 2018 04:35:06 GMT" time="13.330" errors="0">
  <testcase name="Login" time="13.330" classname="script.testExamlpe"/>
</testsuite> <!-- script.testExamlpe -->
